SF:lib/core/constants/constants.dart
DA:4,1
DA:5,1
DA:6,0
DA:7,0
LF:4
LH:2
end_of_record
SF:lib/data/data_source/remote_data_source.dart
DA:16,1
DA:18,1
DA:21,4
DA:23,0
DA:24,0
DA:26,0
LF:6
LH:3
end_of_record
SF:lib/data/model/weather_model.dart
DA:4,0
DA:12,0
DA:21,0
DA:22,0
DA:23,0
DA:24,0
DA:25,0
DA:26,0
DA:27,0
DA:28,0
DA:30,0
DA:31,0
DA:32,0
DA:33,0
DA:34,0
DA:36,0
DA:37,0
DA:38,0
DA:39,0
DA:41,0
LF:20
LH:0
end_of_record
SF:lib/domain/core/error/failure.dart
DA:5,0
DA:7,0
DA:9,0
LF:3
LH:0
end_of_record
SF:lib/domain/entities/weather.dart
DA:12,0
DA:22,0
DA:25,0
LF:3
LH:0
end_of_record
SF:lib/domain/repositories/weather_repo.dart
DA:10,0
DA:14,0
DA:18,0
LF:3
LH:0
end_of_record
SF:lib/domain/usecases/get_current_weather.dart
DA:8,0
DA:10,0
DA:11,0
LF:3
LH:0
end_of_record
